#
# A fatal error has been detected by the Java Runtime Environment:
#
#  EXCEPTION_ACCESS_VIOLATION (0xc0000005) at pc=0x000000001fa1fec2, pid=11652, tid=0x00000000000019fc
#
# JRE version: Java(TM) SE Runtime Environment (8.0_251-b08) (build 1.8.0_251-b08)
# Java VM: Java HotSpot(TM) 64-Bit Server VM (25.251-b08 mixed mode windows-amd64 compressed oops)
# Problematic frame:
# C  0x000000001fa1fec2
#
# Failed to write core dump. Minidumps are not enabled by default on client versions of Windows
#
# If you would like to submit a bug report, please visit:
#   http://bugreport.java.com/bugreport/crash.jsp
# The crash happened outside the Java Virtual Machine in native code.
# See problematic frame for where to report the bug.
#

---------------  T H R E A D  ---------------

Current thread (0x000000001dd95000):  JavaThread "Jogo" [_thread_in_native, id=6652, stack(0x000000001e450000,0x000000001e550000)]

siginfo: ExceptionCode=0xc0000005, reading address 0x0000000000000000

Registers:
RAX=0x0000000025a54c4c, RBX=0x00000000222a0000, RCX=0x0000000000000000, RDX=0x0000000000004107
RSP=0x000000001e54ece0, RBP=0x0000000021eb6600, RSI=0x0000000000000000, RDI=0x0000000000000000
R8 =0x0000000000000000, R9 =0x0000000000004107, R10=0x0000000021eb6600, R11=0x0000000000000000
R12=0x0000000000000000, R13=0x0000000000000000, R14=0x0000000000000004, R15=0x0000000025a54c4c
RIP=0x000000001fa1fec2, EFLAGS=0x0000000000010246

Top of Stack: (sp=0x000000001e54ece0)
0x000000001e54ece0:   0000000006c264f4 0000000000000000
0x000000001e54ecf0:   0000000000004107 00000000222a0000
0x000000001e54ed00:   0000000021eb6600 00007ffc43bc81fe
0x000000001e54ed10:   00000000222a0000 0000000021eb6600
0x000000001e54ed20:   0000000000004107 00000000222a0000
0x000000001e54ed30:   0000000000000018 0000000021ff3cf0
0x000000001e54ed40:   0000000000000084 0000000026a5b5b8
0x000000001e54ed50:   0000000000000004 0000000021eb6600
0x000000001e54ed60:   0000000000004107 0000000000000000
0x000000001e54ed70:   00000000222a0000 00007ffc43bc4473
0x000000001e54ed80:   0000000000000001 0000000000000000
0x000000001e54ed90:   000000002581b538 000000001dd95000
0x000000001e54eda0:   0000000000000084 00c0000000000000
0x000000001e54edb0:   00000000ffffffff 0000000000000004
0x000000001e54edc0:   0000000000000000 00007ffc43745803
0x000000001e54edd0:   000000001dd95000 00000000222a0000 

Instructions: (pc=0x000000001fa1fec2)
0x000000001fa1fea2:   8b d1 48 be 00 8d 2f 22 00 00 00 00 48 8b 36 48
0x000000001fa1feb2:   8b b6 08 03 00 00 48 8b f9 48 c1 e7 04 48 03 f7
0x000000001fa1fec2:   8b 3e 8b 6e 04 89 38 89 68 04 8b 7e 08 8b 6e 0c
0x000000001fa1fed2:   89 78 08 89 68 0c 48 be 00 8d 2f 22 00 00 00 00 


Register to memory mapping:

RAX=0x0000000025a54c4c is an unknown value
RBX=0x00000000222a0000 is an unknown value
RCX=0x0000000000000000 is an unknown value
RDX=0x0000000000004107 is an unknown value
RSP=0x000000001e54ece0 is pointing into the stack for thread: 0x000000001dd95000
RBP=0x0000000021eb6600 is an unknown value
RSI=0x0000000000000000 is an unknown value
RDI=0x0000000000000000 is an unknown value
R8 =0x0000000000000000 is an unknown value
R9 =0x0000000000004107 is an unknown value
R10=0x0000000021eb6600 is an unknown value
R11=0x0000000000000000 is an unknown value
R12=0x0000000000000000 is an unknown value
R13=0x0000000000000000 is an unknown value
R14=0x0000000000000004 is an unknown value
R15=0x0000000025a54c4c is an unknown value


Stack: [0x000000001e450000,0x000000001e550000],  sp=0x000000001e54ece0,  free space=1019k
Native frames: (J=compiled Java code, j=interpreted, Vv=VM code, C=native code)
C  0x000000001fa1fec2

Java frames: (J=compiled Java code, j=interpreted, Vv=VM code)
j  org.lwjgl.opengl.GL11C.glDrawArrays(III)V+0
j  org.lwjgl.opengl.GL11.glDrawArrays(III)V+3
j  render.Mesh.Draw(Lrender/Shader;)V+223
j  render.Model.Draw(Lrender/Shader;)V+19
j  main.Principal.render()V+49
j  main.Principal.run()V+12
j  java.lang.Thread.run()V+11
v  ~StubRoutines::call_stub

---------------  P R O C E S S  ---------------

Java Threads: ( => current thread )
  0x0000000002c93800 JavaThread "DestroyJavaVM" [_thread_blocked, id=13236, stack(0x0000000002b90000,0x0000000002c90000)]
=>0x000000001dd95000 JavaThread "Jogo" [_thread_in_native, id=6652, stack(0x000000001e450000,0x000000001e550000)]
  0x000000001dccb000 JavaThread "Service Thread" daemon [_thread_blocked, id=8216, stack(0x000000001e250000,0x000000001e350000)]
  0x000000001dc76000 JavaThread "C1 CompilerThread2" daemon [_thread_blocked, id=11388, stack(0x000000001e150000,0x000000001e250000)]
  0x000000001c44c800 JavaThread "C2 CompilerThread1" daemon [_thread_blocked, id=13988, stack(0x000000001e050000,0x000000001e150000)]
  0x000000001c445800 JavaThread "C2 CompilerThread0" daemon [_thread_blocked, id=2500, stack(0x000000001db50000,0x000000001dc50000)]
  0x000000001c444000 JavaThread "Attach Listener" daemon [_thread_blocked, id=2796, stack(0x000000001da50000,0x000000001db50000)]
  0x000000001c443800 JavaThread "Signal Dispatcher" daemon [_thread_blocked, id=12196, stack(0x000000001d950000,0x000000001da50000)]
  0x000000001c3da800 JavaThread "Finalizer" daemon [_thread_blocked, id=14924, stack(0x000000001d640000,0x000000001d740000)]
  0x0000000002d84000 JavaThread "Reference Handler" daemon [_thread_blocked, id=10616, stack(0x000000001d540000,0x000000001d640000)]

Other Threads:
  0x000000001c3b8000 VMThread [stack: 0x000000001d440000,0x000000001d540000] [id=8660]
  0x000000001dccd800 WatcherThread [stack: 0x000000001e350000,0x000000001e450000] [id=10356]

VM state:not at safepoint (normal execution)

VM Mutex/Monitor currently owned by a thread: None

heap address: 0x00000006c0c00000, size: 4084 MB, Compressed Oops mode: Zero based, Oop shift amount: 3
Narrow klass base: 0x0000000000000000, Narrow klass shift: 3
Compressed class space size: 1073741824 Address: 0x00000007c0000000

Heap:
 PSYoungGen      total 76288K, used 50135K [0x000000076af00000, 0x0000000770400000, 0x00000007c0000000)
  eden space 65536K, 76% used [0x000000076af00000,0x000000076dff5e98,0x000000076ef00000)
  from space 10752K, 0% used [0x000000076f980000,0x000000076f980000,0x0000000770400000)
  to   space 10752K, 0% used [0x000000076ef00000,0x000000076ef00000,0x000000076f980000)
 ParOldGen       total 175104K, used 0K [0x00000006c0c00000, 0x00000006cb700000, 0x000000076af00000)
  object space 175104K, 0% used [0x00000006c0c00000,0x00000006c0c00000,0x00000006cb700000)
 Metaspace       used 9826K, capacity 10075K, committed 10368K, reserved 1058816K
  class space    used 799K, capacity 878K, committed 896K, reserved 1048576K

Card table byte_map: [0x0000000012150000,0x0000000012950000] byte_map_base: 0x000000000eb4a000

Marking Bits: (ParMarkBitMap*) 0x000000005756af90
 Begin Bits: [0x00000000132b0000, 0x0000000017280000)
 End Bits:   [0x0000000017280000, 0x000000001b250000)

Polling page: 0x0000000000b30000

CodeCache: size=245760Kb used=3318Kb max_used=3318Kb free=242441Kb
 bounds [0x0000000002d90000, 0x00000000030d0000, 0x0000000011d90000]
 total_blobs=1783 nmethods=834 adapters=863
 compilation: enabled

Compilation events (10 events):
Event: 1.072 Thread 0x000000001dc76000  827       3       java.lang.ClassLoader::checkPackageAccess (111 bytes)
Event: 1.073 Thread 0x000000001dc76000 nmethod 827 0x00000000030c8550 code [0x00000000030c8780, 0x00000000030c9298]
Event: 1.073 Thread 0x000000001dc76000  828       1       java.lang.invoke.MethodType::parameterType (7 bytes)
Event: 1.073 Thread 0x000000001dc76000 nmethod 828 0x00000000030c8210 code [0x00000000030c8360, 0x00000000030c8490]
Event: 1.078 Thread 0x000000001dc76000  829       1       sun.nio.fs.WindowsPath::getPathForExceptionMessage (5 bytes)
Event: 1.078 Thread 0x000000001dc76000 nmethod 829 0x00000000030c7f50 code [0x00000000030c80a0, 0x00000000030c81b0]
Event: 1.216 Thread 0x000000001dc76000  833       3       io.Input::isKeyDown (16 bytes)
Event: 1.216 Thread 0x000000001dc76000 nmethod 833 0x00000000030cf250 code [0x00000000030cf3e0, 0x00000000030cf7b8]
Event: 1.216 Thread 0x000000001dc76000  834       3       org.lwjgl.glfw.GLFW::glfwGetKey (22 bytes)
Event: 1.217 Thread 0x000000001dc76000 nmethod 834 0x00000000030c6e10 code [0x00000000030c6fa0, 0x00000000030c7298]

GC Heap History (0 events):
No events

Deoptimization events (10 events):
Event: 1.062 Thread 0x000000001dd95000 Uncommon trap: reason=class_check action=maybe_recompile pc=0x00000000030bad70 method=org.lwjgl.system.StructBuffer.get(I)Lorg/lwjgl/system/Struct; @ 1
Event: 1.062 Thread 0x000000001dd95000 Uncommon trap: reason=speculate_class_check action=maybe_recompile pc=0x00000000030ba9a0 method=org.lwjgl.system.Struct.wrap(JILjava/nio/ByteBuffer;)Lorg/lwjgl/system/Struct; @ 44
Event: 1.062 Thread 0x000000001dd95000 Uncommon trap: reason=class_check action=maybe_recompile pc=0x00000000030bd184 method=org.lwjgl.system.Pointer$Default.wrap(Ljava/lang/Class;JI)Lorg/lwjgl/system/CustomBuffer; @ 7
Event: 1.062 Thread 0x000000001dd95000 Uncommon trap: reason=class_check action=maybe_recompile pc=0x00000000030bad70 method=org.lwjgl.system.StructBuffer.get(I)Lorg/lwjgl/system/Struct; @ 1
Event: 1.062 Thread 0x000000001dd95000 Uncommon trap: reason=speculate_class_check action=maybe_recompile pc=0x00000000030ba9a0 method=org.lwjgl.system.Struct.wrap(JILjava/nio/ByteBuffer;)Lorg/lwjgl/system/Struct; @ 44
Event: 1.062 Thread 0x000000001dd95000 Uncommon trap: reason=class_check action=maybe_recompile pc=0x00000000030bd184 method=org.lwjgl.system.Pointer$Default.wrap(Ljava/lang/Class;JI)Lorg/lwjgl/system/CustomBuffer; @ 7
Event: 1.062 Thread 0x000000001dd95000 Uncommon trap: reason=class_check action=maybe_recompile pc=0x00000000030bad70 method=org.lwjgl.system.StructBuffer.get(I)Lorg/lwjgl/system/Struct; @ 1
Event: 1.062 Thread 0x000000001dd95000 Uncommon trap: reason=speculate_class_check action=maybe_recompile pc=0x00000000030ba9a0 method=org.lwjgl.system.Struct.wrap(JILjava/nio/ByteBuffer;)Lorg/lwjgl/system/Struct; @ 44
Event: 1.064 Thread 0x000000001dd95000 Uncommon trap: reason=speculate_class_check action=maybe_recompile pc=0x00000000030bfb84 method=org.lwjgl.system.Struct.wrap(JILjava/nio/ByteBuffer;)Lorg/lwjgl/system/Struct; @ 44
Event: 1.064 Thread 0x000000001dd95000 Uncommon trap: reason=speculate_class_check action=maybe_recompile pc=0x00000000030bfb84 method=org.lwjgl.system.Struct.wrap(JILjava/nio/ByteBuffer;)Lorg/lwjgl/system/Struct; @ 44

Classes redefined (0 events):
No events

Internal exceptions (10 events):
Event: 0.729 Thread 0x000000001dd95000 Exception <a 'sun/nio/fs/WindowsException'> (0x000000076baad820) thrown at [C:\jenkins\workspace\8-2-build-windows-amd64-cygwin\jdk8u251\737\hotspot\src\share\vm\prims\jni.cpp, line 710]
Event: 0.729 Thread 0x000000001dd95000 Exception <a 'sun/nio/fs/WindowsException'> (0x000000076baadd98) thrown at [C:\jenkins\workspace\8-2-build-windows-amd64-cygwin\jdk8u251\737\hotspot\src\share\vm\prims\jni.cpp, line 710]
Event: 0.729 Thread 0x000000001dd95000 Exception <a 'sun/nio/fs/WindowsException'> (0x000000076baae7f0) thrown at [C:\jenkins\workspace\8-2-build-windows-amd64-cygwin\jdk8u251\737\hotspot\src\share\vm\prims\jni.cpp, line 710]
Event: 0.729 Thread 0x000000001dd95000 Exception <a 'sun/nio/fs/WindowsException'> (0x000000076baaee58) thrown at [C:\jenkins\workspace\8-2-build-windows-amd64-cygwin\jdk8u251\737\hotspot\src\share\vm\prims\jni.cpp, line 710]
Event: 0.730 Thread 0x000000001dd95000 Exception <a 'java/lang/UnsatisfiedLinkError'> (0x000000076bab2018) thrown at [C:\jenkins\workspace\8-2-build-windows-amd64-cygwin\jdk8u251\737\hotspot\src\share\vm\oops\instanceKlass.cpp, line 959]
Event: 0.730 Thread 0x000000001dd95000 Exception <a 'java/lang/UnsatisfiedLinkError'> (0x000000076bab2018) thrown at [C:\jenkins\workspace\8-2-build-windows-amd64-cygwin\jdk8u251\737\hotspot\src\share\vm\oops\instanceKlass.cpp, line 959]
Event: 0.992 Thread 0x000000001dd95000 Exception <a 'sun/nio/fs/WindowsException'> (0x000000076c51d690) thrown at [C:\jenkins\workspace\8-2-build-windows-amd64-cygwin\jdk8u251\737\hotspot\src\share\vm\prims\jni.cpp, line 710]
Event: 0.992 Thread 0x000000001dd95000 Exception <a 'sun/nio/fs/WindowsException'> (0x000000076c51dd98) thrown at [C:\jenkins\workspace\8-2-build-windows-amd64-cygwin\jdk8u251\737\hotspot\src\share\vm\prims\jni.cpp, line 710]
Event: 1.078 Thread 0x000000001dd95000 Exception <a 'sun/nio/fs/WindowsException'> (0x000000076de8a0b8) thrown at [C:\jenkins\workspace\8-2-build-windows-amd64-cygwin\jdk8u251\737\hotspot\src\share\vm\prims\jni.cpp, line 710]
Event: 1.078 Thread 0x000000001dd95000 Exception <a 'sun/nio/fs/WindowsException'> (0x000000076de8a7c0) thrown at [C:\jenkins\workspace\8-2-build-windows-amd64-cygwin\jdk8u251\737\hotspot\src\share\vm\prims\jni.cpp, line 710]

Events (10 events):
Event: 1.112 loading class org/lwjgl/opengl/GL30C
Event: 1.112 loading class org/lwjgl/opengl/GL30C done
Event: 1.114 loading class org/lwjgl/opengl/GL21C
Event: 1.114 loading class org/lwjgl/opengl/GL21C done
Event: 1.196 loading class render/Mesh
Event: 1.196 loading class render/Mesh done
Event: 1.196 loading class util/ObjConverter
Event: 1.197 loading class util/ObjConverter done
Event: 1.210 loading class org/lwjgl/opengl/GL$ICDStatic$WriteOnce
Event: 1.210 loading class org/lwjgl/opengl/GL$ICDStatic$WriteOnce done


Dynamic libraries:
0x00007ff696490000 - 0x00007ff6964c7000 	C:\Program Files\Java\jre1.8.0_251\bin\javaw.exe
0x00007ffcb5250000 - 0x00007ffcb5445000 	C:\WINDOWS\SYSTEM32\ntdll.dll
0x00007ffcb49e0000 - 0x00007ffcb4a9d000 	C:\WINDOWS\System32\KERNEL32.DLL
0x00007ffcb2b50000 - 0x00007ffcb2e18000 	C:\WINDOWS\System32\KERNELBASE.dll
0x00007ffcb3990000 - 0x00007ffcb3a3c000 	C:\WINDOWS\System32\ADVAPI32.dll
0x00007ffcb3ac0000 - 0x00007ffcb3b5e000 	C:\WINDOWS\System32\msvcrt.dll
0x00007ffcb4440000 - 0x00007ffcb44db000 	C:\WINDOWS\System32\sechost.dll
0x00007ffcb44e0000 - 0x00007ffcb460b000 	C:\WINDOWS\System32\RPCRT4.dll
0x00007ffcb3720000 - 0x00007ffcb38c0000 	C:\WINDOWS\System32\USER32.dll
0x00007ffcb2fd0000 - 0x00007ffcb2ff2000 	C:\WINDOWS\System32\win32u.dll
0x00007ffcb49a0000 - 0x00007ffcb49ca000 	C:\WINDOWS\System32\GDI32.dll
0x00007ffcb2990000 - 0x00007ffcb2a9b000 	C:\WINDOWS\System32\gdi32full.dll
0x00007ffcb3180000 - 0x00007ffcb321d000 	C:\WINDOWS\System32\msvcp_win.dll
0x00007ffcb3000000 - 0x00007ffcb3100000 	C:\WINDOWS\System32\ucrtbase.dll
0x00007ffca8a80000 - 0x00007ffca8d1a000 	C:\WINDOWS\WinSxS\amd64_microsoft.windows.common-controls_6595b64144ccf1df_6.0.19041.844_none_ca00b6081b84eb1d\COMCTL32.dll
0x00007ffcb4610000 - 0x00007ffcb4640000 	C:\WINDOWS\System32\IMM32.DLL
0x0000000057b70000 - 0x0000000057c42000 	C:\Program Files\Java\jre1.8.0_251\bin\msvcr100.dll
0x0000000056d40000 - 0x00000000575eb000 	C:\Program Files\Java\jre1.8.0_251\bin\server\jvm.dll
0x00007ffcb3a40000 - 0x00007ffcb3a48000 	C:\WINDOWS\System32\PSAPI.DLL
0x00007ffc97900000 - 0x00007ffc97909000 	C:\WINDOWS\SYSTEM32\WSOCK32.dll
0x00007ffcb3a50000 - 0x00007ffcb3abb000 	C:\WINDOWS\System32\WS2_32.dll
0x00007ffca98b0000 - 0x00007ffca98d7000 	C:\WINDOWS\SYSTEM32\WINMM.dll
0x00007ffcacda0000 - 0x00007ffcacdaa000 	C:\WINDOWS\SYSTEM32\VERSION.dll
0x00007ffcab1e0000 - 0x00007ffcab1ef000 	C:\Program Files\Java\jre1.8.0_251\bin\verify.dll
0x00007ffc9b450000 - 0x00007ffc9b479000 	C:\Program Files\Java\jre1.8.0_251\bin\java.dll
0x00007ffcab140000 - 0x00007ffcab156000 	C:\Program Files\Java\jre1.8.0_251\bin\zip.dll
0x00007ffcb3cf0000 - 0x00007ffcb4432000 	C:\WINDOWS\System32\SHELL32.dll
0x00007ffcb0ae0000 - 0x00007ffcb1270000 	C:\WINDOWS\SYSTEM32\windows.storage.dll
0x00007ffcb4e50000 - 0x00007ffcb51a5000 	C:\WINDOWS\System32\combase.dll
0x00007ffcb2400000 - 0x00007ffcb242c000 	C:\WINDOWS\SYSTEM32\Wldp.dll
0x00007ffcb4640000 - 0x00007ffcb46ee000 	C:\WINDOWS\System32\SHCORE.dll
0x00007ffcb4940000 - 0x00007ffcb4995000 	C:\WINDOWS\System32\shlwapi.dll
0x00007ffcb28d0000 - 0x00007ffcb28ef000 	C:\WINDOWS\SYSTEM32\profapi.dll
0x00007ffcaa3b0000 - 0x00007ffcaa3ca000 	C:\Program Files\Java\jre1.8.0_251\bin\net.dll
0x00007ffcb2170000 - 0x00007ffcb21da000 	C:\WINDOWS\system32\mswsock.dll
0x00007ffc9b010000 - 0x00007ffc9b022000 	C:\Program Files\Java\jre1.8.0_251\bin\nio.dll
0x00007ffc95a10000 - 0x00007ffc95a74000 	C:\Users\Lucas\AppData\Local\Temp\lwjglLucas\3.2.3-build-13\lwjgl.dll
0x00007ffc916a0000 - 0x00007ffc91702000 	C:\Users\Lucas\AppData\Local\Temp\lwjglLucas\3.2.3-build-13\glfw.dll
0x00007ffcb0380000 - 0x00007ffcb041e000 	C:\WINDOWS\system32\uxtheme.dll
0x00007ffc99280000 - 0x00007ffc992c5000 	C:\WINDOWS\SYSTEM32\dinput8.dll
0x00007ffcac180000 - 0x00007ffcac191000 	C:\WINDOWS\SYSTEM32\xinput1_4.dll
0x00007ffcb2f80000 - 0x00007ffcb2fce000 	C:\WINDOWS\System32\cfgmgr32.dll
0x00007ffcb2740000 - 0x00007ffcb276c000 	C:\WINDOWS\SYSTEM32\DEVOBJ.dll
0x00007ffcb05f0000 - 0x00007ffcb061f000 	C:\WINDOWS\SYSTEM32\dwmapi.dll
0x00007ffc9d3e0000 - 0x00007ffc9d532000 	C:\WINDOWS\SYSTEM32\inputhost.dll
0x00007ffcb4d80000 - 0x00007ffcb4e4d000 	C:\WINDOWS\System32\OLEAUT32.dll
0x00007ffcae2a0000 - 0x00007ffcae397000 	C:\WINDOWS\SYSTEM32\PROPSYS.dll
0x00007ffcafc70000 - 0x00007ffcafd62000 	C:\WINDOWS\SYSTEM32\CoreMessaging.dll
0x00007ffcaf230000 - 0x00007ffcaf384000 	C:\WINDOWS\SYSTEM32\wintypes.dll
0x00007ffcaf910000 - 0x00007ffcafc6e000 	C:\WINDOWS\SYSTEM32\CoreUIComponents.dll
0x00007ffcb3100000 - 0x00007ffcb3180000 	C:\WINDOWS\System32\bcryptPrimitives.dll
0x00007ffcb16b0000 - 0x00007ffcb16e3000 	C:\WINDOWS\SYSTEM32\ntmarta.dll
0x00007ffcb08e0000 - 0x00007ffcb08f2000 	C:\WINDOWS\SYSTEM32\kernel.appcore.dll
0x00007ffcb3b70000 - 0x00007ffcb3c85000 	C:\WINDOWS\System32\MSCTF.dll
0x00007ffcb1270000 - 0x00007ffcb127d000 	C:\WINDOWS\SYSTEM32\HID.DLL
0x00007ffcb32b0000 - 0x00007ffcb3719000 	C:\WINDOWS\System32\SETUPAPI.DLL
0x00007ffcb3220000 - 0x00007ffcb3247000 	C:\WINDOWS\System32\bcrypt.dll
0x00007ffcb3250000 - 0x00007ffcb32b0000 	C:\WINDOWS\System32\WINTRUST.dll
0x00007ffcb2e20000 - 0x00007ffcb2f7f000 	C:\WINDOWS\System32\CRYPT32.dll
0x00007ffcb2580000 - 0x00007ffcb2592000 	C:\WINDOWS\SYSTEM32\MSASN1.dll
0x00007ffc76f40000 - 0x00007ffc77066000 	C:\WINDOWS\SYSTEM32\opengl32.dll
0x00007ffca4ce0000 - 0x00007ffca4d0c000 	C:\WINDOWS\SYSTEM32\GLU32.dll
0x00007ffcb38e0000 - 0x00007ffcb3989000 	C:\WINDOWS\System32\clbcatq.dll
0x00007ffc42d00000 - 0x00007ffc456de000 	C:\WINDOWS\System32\DriverStore\FileRepository\nv_dispi.inf_amd64_d71d3f5ea7618cbb\nvoglv64.dll
0x00007ffcb4c50000 - 0x00007ffcb4d7a000 	C:\WINDOWS\System32\ole32.dll
0x00007ffcaf210000 - 0x00007ffcaf224000 	C:\WINDOWS\SYSTEM32\WTSAPI32.dll
0x00007ffcacd60000 - 0x00007ffcacd91000 	C:\WINDOWS\SYSTEM32\cryptnet.dll
0x00007ffcb2360000 - 0x00007ffcb236c000 	C:\WINDOWS\SYSTEM32\cryptbase.dll
0x00007ffcac4f0000 - 0x00007ffcac52b000 	C:\WINDOWS\SYSTEM32\dxcore.dll
0x00007ffc75be0000 - 0x00007ffc75e9e000 	C:\WINDOWS\system32\nvspcap64.dll
0x00007ffcb1f80000 - 0x00007ffcb1fcb000 	C:\WINDOWS\SYSTEM32\powrprof.dll
0x00007ffcb1df0000 - 0x00007ffcb1e02000 	C:\WINDOWS\SYSTEM32\UMPDC.dll
0x00007ffcb1720000 - 0x00007ffcb177a000 	C:\WINDOWS\SYSTEM32\WINSTA.dll
0x00007ffc9d6e0000 - 0x00007ffc9d7d9000 	C:\WINDOWS\SYSTEM32\textinputframework.dll
0x00007ffc97130000 - 0x00007ffc97189000 	C:\Users\Lucas\AppData\Local\Temp\lwjglLucas\3.2.3-build-13\lwjgl_opengl.dll
0x00007ffc60840000 - 0x00007ffc60eff000 	C:\Users\Lucas\AppData\Local\Temp\lwjglLucas\3.2.3-build-13\assimp.dll
0x00007ffc91260000 - 0x00007ffc912d7000 	C:\Users\Lucas\AppData\Local\Temp\lwjglLucas\3.2.3-build-13\lwjgl_stb.dll
0x00007ffca6a20000 - 0x00007ffca6c04000 	C:\WINDOWS\SYSTEM32\dbghelp.dll

VM Arguments:
jvm_args: -Dfile.encoding=Cp1252 
java_command: main.Principal
java_class_path (initial): C:\Users\Lucas\Desktop\Lucas\Computacao\Processamento\LearningAssimp\bin;C:\Users\Lucas\Desktop\Lucas\Computacao\Processamento\lwjgl3\lwjgl-assimp\lwjgl-assimp.jar;C:\Users\Lucas\Desktop\Lucas\Computacao\Processamento\lwjgl3\lwjgl-assimp\lwjgl-assimp-natives-linux.jar;C:\Users\Lucas\Desktop\Lucas\Computacao\Processamento\lwjgl3\lwjgl-assimp\lwjgl-assimp-sources.jar;C:\Users\Lucas\Desktop\Lucas\Computacao\Processamento\lwjgl3\lwjgl-assimp\lwjgl-assimp-natives-windows.jar;C:\Users\Lucas\Desktop\Lucas\Computacao\Processamento\lwjgl3\lwjgl-assimp\lwjgl-assimp-natives-linux-arm32.jar;C:\Users\Lucas\Desktop\Lucas\Computacao\Processamento\lwjgl3\lwjgl-assimp\lwjgl-assimp-natives-linux-arm64.jar;C:\Users\Lucas\Desktop\Lucas\Computacao\Processamento\lwjgl3\lwjgl-assimp\lwjgl-assimp-natives-macos.jar;C:\Users\Lucas\Desktop\Lucas\Computacao\Processamento\lwjgl3\lwjgl-assimp\lwjgl-assimp-natives-windows-x86.jar;C:\Users\Lucas\Desktop\Lucas\Computacao\Processamento\joml-1.7.0.jar;C:\Users\Lucas\Desktop\Lucas\Computacao\Processamento\lwjgl3\lwjgl\lwjgl.jar;C:\Users\Lucas\Desktop\Lucas\Computacao\Processamento\lwjgl3\lwjgl\lwjgl-natives-linux.jar;C:\Users\Lucas\Desktop\Lucas\Computacao\Processamento\lwjgl3\lwjgl\lwjgl-natives-linux-arm32.jar;C:\Users\Lucas\Desktop\Lucas\Computacao\Processamento\lwjgl3\lwjgl\lwjgl-natives-linux-arm64.jar;C:\Users\Lucas\Desktop\Lucas\Computacao\Processamento\lwjgl3\lwjgl\lwjgl-natives-macos.jar;C:\Users\Lucas\Desktop\Lucas\Computacao\Processamento\lwjgl3\lwjgl\lwjgl-natives-windows.jar;C:\Users\Lucas\Desktop\Lucas\Computacao\Processamento\lwjgl3\lwjgl\lwjgl-natives-windows-x86.jar;C:\Users\Lucas\Desktop\Lucas\Computacao\Processamento\lwjgl3\lwjgl-zstd\lwjgl-zstd.jar;C:\Users\Lucas\Desktop\Lucas\Computacao\Processamento\lwjgl3\lwjgl-zstd\lwjgl-zstd-natives-linux.jar;C:\Users\Lucas\Desktop\Lucas\Computacao\Processamento\lwjgl3\lwjgl-zstd\lwjgl-zstd-natives-linux-arm32.jar;C:\Users\Lucas\Desktop\Lucas\Computacao\Processamen
Launcher Type: SUN_STANDARD

Environment Variables:
PATH=C:\Program Files\Common Files\Oracle\Java\javapath;C:\Program Files (x86)\Common Files\Oracle\Java\javapath;C:\Windows\system32;C:\Windows;C:\Windows\System32\Wbem;C:\Windows\System32\WindowsPowerShell\v1.0\;C:\Windows\System32\OpenSSH\;C:\Program Files\NVIDIA Corporation\NVIDIA NvDLISR;C:\Program Files (x86)\NVIDIA Corporation\PhysX\Common;C:\Program Files\nodejs\;C:\Program Files\Git\cmd;C:\WINDOWS\system32;C:\WINDOWS;C:\WINDOWS\System32\Wbem;C:\WINDOWS\System32\WindowsPowerShell\v1.0\;C:\WINDOWS\System32\OpenSSH\;C:\Users\Lucas\AppData\Local\Microsoft\WindowsApps;C:\Users\Lucas\AppData\Roaming\npm;C:\Users\Lucas\AppData\Local\atom\bin;E:\Microsoft VS Code\bin;C:\Program Files\apache-maven-3.6.3\bin;C:\Users\Lucas\AppData\Local\Microsoft\WindowsApps;C:\Users\Lucas\AppData\Local\GitHubDesktop\bin
USERNAME=Lucas
OS=Windows_NT
PROCESSOR_IDENTIFIER=AMD64 Family 23 Model 24 Stepping 1, AuthenticAMD



---------------  S Y S T E M  ---------------

OS: Windows 10.0 , 64 bit Build 19041 (10.0.19041.928)

CPU:total 4 (initial active 4) (4 cores per cpu, 1 threads per core) family 23 model 24 stepping 1, cmov, cx8, fxsr, mmx, sse, sse2, sse3, ssse3, sse4.1, sse4.2, popcnt, avx, avx2, aes, clmul, mmxext, 3dnowpref, lzcnt, sse4a, tsc, tscinvbit, tscinv, bmi1

Memory: 4k page, physical 16722964k(8473692k free), swap 24587284k(10234596k free)

vm_info: Java HotSpot(TM) 64-Bit Server VM (25.251-b08) for windows-amd64 JRE (1.8.0_251-b08), built on Mar 12 2020 06:31:49 by "" with MS VC++ 10.0 (VS2010)

time: Tue Jun 01 20:54:03 2021
timezone: Hora oficial do Brasil
elapsed time: 1 seconds (0d 0h 0m 1s)

