#
# A fatal error has been detected by the Java Runtime Environment:
#
#  EXCEPTION_ACCESS_VIOLATION (0xc0000005) at pc=0x000000001fcbfeda, pid=17104, tid=0x000000000000154c
#
# JRE version: Java(TM) SE Runtime Environment (8.0_251-b08) (build 1.8.0_251-b08)
# Java VM: Java HotSpot(TM) 64-Bit Server VM (25.251-b08 mixed mode windows-amd64 compressed oops)
# Problematic frame:
# C  0x000000001fcbfeda
#
# Failed to write core dump. Minidumps are not enabled by default on client versions of Windows
#
# If you would like to submit a bug report, please visit:
#   http://bugreport.java.com/bugreport/crash.jsp
# The crash happened outside the Java Virtual Machine in native code.
# See problematic frame for where to report the bug.
#

---------------  T H R E A D  ---------------

Current thread (0x000000001de77000):  JavaThread "Jogo" [_thread_in_native, id=5452, stack(0x000000001e530000,0x000000001e630000)]

siginfo: ExceptionCode=0xc0000005, reading address 0x0000000000000000

Registers:
RAX=0x0000000024cd1f14, RBX=0x0000000022520000, RCX=0x0000000000000000, RDX=0x000000001fcf0004
RSP=0x000000001e62e6e0, RBP=0x000000001fd0041c, RSI=0x0000000000000000, RDI=0x0000000000000000
R8 =0x000000001fcf0000, R9 =0x0000000000004107, R10=0x000000002259efc0, R11=0x000000001fd0041c
R12=0x000000000005148c, R13=0x0000000000000000, R14=0x0000000024cd1f14, R15=0x0000000000004107
RIP=0x000000001fcbfeda, EFLAGS=0x0000000000010202

Top of Stack: (sp=0x000000001e62e6e0)
0x000000001e62e6e0:   0000000006be33a0 000000002213a330
0x000000001e62e6f0:   0000000000000000 0000000000004107
0x000000001e62e700:   0000000022520000 00007ffa736e6b36
0x000000001e62e710:   000000000005148c 0000000022520000
0x000000001e62e720:   0000000000000000 000000000005148c
0x000000001e62e730:   0000000000000000 00000000000000c0
0x000000001e62e740:   00000000000000ad 0000000000000010
0x000000001e62e750:   0000000000000000 0000000024cd1f14
0x000000001e62e760:   0000000000000000 0000000000000000
0x000000001e62e770:   000000001fcf0000 0000000000004107
0x000000001e62e780:   000000001fcbfe80 0000000000000000
0x000000001e62e790:   00000000224548d8 000000002213a330
0x000000001e62e7a0:   0000000222520000 00007ffa7365c53d
0x000000001e62e7b0:   0000000000000000 00007ffa736fbb00
0x000000001e62e7c0:   0000000000000006 0000000000000000
0x000000001e62e7d0:   00000000e24532f8 0000000000000000 

Instructions: (pc=0x000000001fcbfeda)
0x000000001fcbfeba:   48 83 c2 04 48 be 00 8d 57 22 00 00 00 00 48 8b
0x000000001fcbfeca:   36 48 8b b6 08 03 00 00 48 8d 3c 49 48 8d 34 be
0x000000001fcbfeda:   8b 3e 8b 6e 04 89 38 89 68 04 8b 7e 08 89 78 08
0x000000001fcbfeea:   48 be 00 8d 57 22 00 00 00 00 48 8b 36 48 8b b6 


Register to memory mapping:

RAX=0x0000000024cd1f14 is an unknown value
RBX=0x0000000022520000 is an unknown value
RCX=0x0000000000000000 is an unknown value
RDX=0x000000001fcf0004 is an unknown value
RSP=0x000000001e62e6e0 is pointing into the stack for thread: 0x000000001de77000
RBP=0x000000001fd0041c is an unknown value
RSI=0x0000000000000000 is an unknown value
RDI=0x0000000000000000 is an unknown value
R8 =0x000000001fcf0000 is an unknown value
R9 =0x0000000000004107 is an unknown value
R10=0x000000002259efc0 is an unknown value
R11=0x000000001fd0041c is an unknown value
R12=0x000000000005148c is an unknown value
R13=0x0000000000000000 is an unknown value
R14=0x0000000024cd1f14 is an unknown value
R15=0x0000000000004107 is an unknown value


Stack: [0x000000001e530000,0x000000001e630000],  sp=0x000000001e62e6e0,  free space=1017k
Native frames: (J=compiled Java code, j=interpreted, Vv=VM code, C=native code)
C  0x000000001fcbfeda

Java frames: (J=compiled Java code, j=interpreted, Vv=VM code)
j  org.lwjgl.opengl.GL11C.nglDrawElements(IIIJ)V+0
j  org.lwjgl.opengl.GL11C.glDrawElements(IIIJ)V+4
j  org.lwjgl.opengl.GL11.glDrawElements(IIIJ)V+4
j  render.Mesh.Draw(Lrender/Shader;)V+226
j  render.Model.Draw(Lrender/Shader;)V+19
j  main.Principal.render()V+49
j  main.Principal.run()V+12
j  java.lang.Thread.run()V+11
v  ~StubRoutines::call_stub

---------------  P R O C E S S  ---------------

Java Threads: ( => current thread )
  0x0000000002e63800 JavaThread "DestroyJavaVM" [_thread_blocked, id=6940, stack(0x0000000002920000,0x0000000002a20000)]
=>0x000000001de77000 JavaThread "Jogo" [_thread_in_native, id=5452, stack(0x000000001e530000,0x000000001e630000)]
  0x000000001ddc5000 JavaThread "Service Thread" daemon [_thread_blocked, id=13352, stack(0x000000001e330000,0x000000001e430000)]
  0x000000001dd37000 JavaThread "C1 CompilerThread2" daemon [_thread_blocked, id=12632, stack(0x000000001e230000,0x000000001e330000)]
  0x000000001dd32800 JavaThread "C2 CompilerThread1" daemon [_thread_blocked, id=15468, stack(0x000000001e130000,0x000000001e230000)]
  0x000000001c615800 JavaThread "C2 CompilerThread0" daemon [_thread_blocked, id=15180, stack(0x000000001dc30000,0x000000001dd30000)]
  0x000000001c613000 JavaThread "Attach Listener" daemon [_thread_blocked, id=17076, stack(0x000000001db30000,0x000000001dc30000)]
  0x000000001c612800 JavaThread "Signal Dispatcher" daemon [_thread_blocked, id=32, stack(0x000000001da30000,0x000000001db30000)]
  0x0000000002f5e000 JavaThread "Finalizer" daemon [_thread_blocked, id=8552, stack(0x000000001d820000,0x000000001d920000)]
  0x0000000002f53000 JavaThread "Reference Handler" daemon [_thread_blocked, id=13104, stack(0x000000001d720000,0x000000001d820000)]

Other Threads:
  0x000000001c587800 VMThread [stack: 0x000000001d620000,0x000000001d720000] [id=2792]
  0x000000001ddd8000 WatcherThread [stack: 0x000000001e430000,0x000000001e530000] [id=14548]

VM state:not at safepoint (normal execution)

VM Mutex/Monitor currently owned by a thread: None

heap address: 0x00000006c0c00000, size: 4084 MB, Compressed Oops mode: Zero based, Oop shift amount: 3
Narrow klass base: 0x0000000000000000, Narrow klass shift: 3
Compressed class space size: 1073741824 Address: 0x00000007c0000000

Heap:
 PSYoungGen      total 76288K, used 50135K [0x000000076af00000, 0x0000000770400000, 0x00000007c0000000)
  eden space 65536K, 76% used [0x000000076af00000,0x000000076dff5ec0,0x000000076ef00000)
  from space 10752K, 0% used [0x000000076f980000,0x000000076f980000,0x0000000770400000)
  to   space 10752K, 0% used [0x000000076ef00000,0x000000076ef00000,0x000000076f980000)
 ParOldGen       total 175104K, used 0K [0x00000006c0c00000, 0x00000006cb700000, 0x000000076af00000)
  object space 175104K, 0% used [0x00000006c0c00000,0x00000006c0c00000,0x00000006cb700000)
 Metaspace       used 9823K, capacity 10075K, committed 10368K, reserved 1058816K
  class space    used 799K, capacity 878K, committed 896K, reserved 1048576K

Card table byte_map: [0x0000000012320000,0x0000000012b20000] byte_map_base: 0x000000000ed1a000

Marking Bits: (ParMarkBitMap*) 0x000000006942af90
 Begin Bits: [0x0000000013480000, 0x0000000017450000)
 End Bits:   [0x0000000017450000, 0x000000001b420000)

Polling page: 0x00000000010b0000

CodeCache: size=245760Kb used=3307Kb max_used=3307Kb free=242452Kb
 bounds [0x0000000002f60000, 0x00000000032a0000, 0x0000000011f60000]
 total_blobs=1781 nmethods=832 adapters=863
 compilation: enabled

Compilation events (10 events):
Event: 0.987 Thread 0x000000001dd37000  824       1       sun.nio.fs.WindowsPath::getPathForExceptionMessage (5 bytes)
Event: 0.987 Thread 0x000000001dd37000 nmethod 824 0x0000000003294350 code [0x00000000032944a0, 0x00000000032945b0]
Event: 1.061 Thread 0x000000001dd37000  826       3       java.util.Arrays::copyOf (13 bytes)
Event: 1.061 Thread 0x000000001dd37000 nmethod 826 0x000000000329a9d0 code [0x000000000329ab40, 0x000000000329ad48]
Event: 1.098 Thread 0x000000001dd37000  827       1       java.lang.Integer::intValue (5 bytes)
Event: 1.098 Thread 0x000000001dd37000 nmethod 827 0x000000000329ae10 code [0x000000000329af60, 0x000000000329b070]
Event: 1.124 Thread 0x000000001dd37000  831       3       io.Input::isKeyDown (16 bytes)
Event: 1.124 Thread 0x000000001dd37000 nmethod 831 0x000000000329bc10 code [0x000000000329bda0, 0x000000000329c178]
Event: 1.124 Thread 0x000000001dd37000  832       3       org.lwjgl.glfw.GLFW::glfwGetKey (22 bytes)
Event: 1.124 Thread 0x000000001dd37000 nmethod 832 0x000000000329c390 code [0x000000000329c520, 0x000000000329c818]

GC Heap History (0 events):
No events

Deoptimization events (10 events):
Event: 0.971 Thread 0x000000001de77000 Uncommon trap: reason=class_check action=maybe_recompile pc=0x00000000032824b0 method=org.lwjgl.system.StructBuffer.get(I)Lorg/lwjgl/system/Struct; @ 1
Event: 0.971 Thread 0x000000001de77000 Uncommon trap: reason=speculate_class_check action=maybe_recompile pc=0x0000000003285420 method=org.lwjgl.system.Struct.wrap(JILjava/nio/ByteBuffer;)Lorg/lwjgl/system/Struct; @ 44
Event: 0.971 Thread 0x000000001de77000 Uncommon trap: reason=class_check action=maybe_recompile pc=0x0000000003282984 method=org.lwjgl.system.Pointer$Default.wrap(Ljava/lang/Class;JI)Lorg/lwjgl/system/CustomBuffer; @ 7
Event: 0.971 Thread 0x000000001de77000 Uncommon trap: reason=class_check action=maybe_recompile pc=0x00000000032824b0 method=org.lwjgl.system.StructBuffer.get(I)Lorg/lwjgl/system/Struct; @ 1
Event: 0.971 Thread 0x000000001de77000 Uncommon trap: reason=speculate_class_check action=maybe_recompile pc=0x0000000003285420 method=org.lwjgl.system.Struct.wrap(JILjava/nio/ByteBuffer;)Lorg/lwjgl/system/Struct; @ 44
Event: 0.971 Thread 0x000000001de77000 Uncommon trap: reason=class_check action=maybe_recompile pc=0x0000000003282984 method=org.lwjgl.system.Pointer$Default.wrap(Ljava/lang/Class;JI)Lorg/lwjgl/system/CustomBuffer; @ 7
Event: 0.971 Thread 0x000000001de77000 Uncommon trap: reason=class_check action=maybe_recompile pc=0x00000000032824b0 method=org.lwjgl.system.StructBuffer.get(I)Lorg/lwjgl/system/Struct; @ 1
Event: 0.971 Thread 0x000000001de77000 Uncommon trap: reason=speculate_class_check action=maybe_recompile pc=0x0000000003285420 method=org.lwjgl.system.Struct.wrap(JILjava/nio/ByteBuffer;)Lorg/lwjgl/system/Struct; @ 44
Event: 0.973 Thread 0x000000001de77000 Uncommon trap: reason=speculate_class_check action=maybe_recompile pc=0x0000000003294084 method=org.lwjgl.system.Struct.wrap(JILjava/nio/ByteBuffer;)Lorg/lwjgl/system/Struct; @ 44
Event: 0.973 Thread 0x000000001de77000 Uncommon trap: reason=speculate_class_check action=maybe_recompile pc=0x0000000003294084 method=org.lwjgl.system.Struct.wrap(JILjava/nio/ByteBuffer;)Lorg/lwjgl/system/Struct; @ 44

Classes redefined (0 events):
No events

Internal exceptions (10 events):
Event: 0.653 Thread 0x000000001de77000 Exception <a 'sun/nio/fs/WindowsException'> (0x000000076baad8a8) thrown at [C:\jenkins\workspace\8-2-build-windows-amd64-cygwin\jdk8u251\737\hotspot\src\share\vm\prims\jni.cpp, line 710]
Event: 0.653 Thread 0x000000001de77000 Exception <a 'sun/nio/fs/WindowsException'> (0x000000076baade20) thrown at [C:\jenkins\workspace\8-2-build-windows-amd64-cygwin\jdk8u251\737\hotspot\src\share\vm\prims\jni.cpp, line 710]
Event: 0.653 Thread 0x000000001de77000 Exception <a 'sun/nio/fs/WindowsException'> (0x000000076baae878) thrown at [C:\jenkins\workspace\8-2-build-windows-amd64-cygwin\jdk8u251\737\hotspot\src\share\vm\prims\jni.cpp, line 710]
Event: 0.653 Thread 0x000000001de77000 Exception <a 'sun/nio/fs/WindowsException'> (0x000000076baaeee0) thrown at [C:\jenkins\workspace\8-2-build-windows-amd64-cygwin\jdk8u251\737\hotspot\src\share\vm\prims\jni.cpp, line 710]
Event: 0.654 Thread 0x000000001de77000 Exception <a 'java/lang/UnsatisfiedLinkError'> (0x000000076bab20a0) thrown at [C:\jenkins\workspace\8-2-build-windows-amd64-cygwin\jdk8u251\737\hotspot\src\share\vm\oops\instanceKlass.cpp, line 959]
Event: 0.654 Thread 0x000000001de77000 Exception <a 'java/lang/UnsatisfiedLinkError'> (0x000000076bab20a0) thrown at [C:\jenkins\workspace\8-2-build-windows-amd64-cygwin\jdk8u251\737\hotspot\src\share\vm\oops\instanceKlass.cpp, line 959]
Event: 0.905 Thread 0x000000001de77000 Exception <a 'sun/nio/fs/WindowsException'> (0x000000076c51d718) thrown at [C:\jenkins\workspace\8-2-build-windows-amd64-cygwin\jdk8u251\737\hotspot\src\share\vm\prims\jni.cpp, line 710]
Event: 0.905 Thread 0x000000001de77000 Exception <a 'sun/nio/fs/WindowsException'> (0x000000076c51de20) thrown at [C:\jenkins\workspace\8-2-build-windows-amd64-cygwin\jdk8u251\737\hotspot\src\share\vm\prims\jni.cpp, line 710]
Event: 0.987 Thread 0x000000001de77000 Exception <a 'sun/nio/fs/WindowsException'> (0x000000076de8a1c0) thrown at [C:\jenkins\workspace\8-2-build-windows-amd64-cygwin\jdk8u251\737\hotspot\src\share\vm\prims\jni.cpp, line 710]
Event: 0.987 Thread 0x000000001de77000 Exception <a 'sun/nio/fs/WindowsException'> (0x000000076de8a8c8) thrown at [C:\jenkins\workspace\8-2-build-windows-amd64-cygwin\jdk8u251\737\hotspot\src\share\vm\prims\jni.cpp, line 710]

Events (10 events):
Event: 1.021 loading class org/lwjgl/opengl/GL30C
Event: 1.021 loading class org/lwjgl/opengl/GL30C done
Event: 1.023 loading class org/lwjgl/opengl/GL21C
Event: 1.023 loading class org/lwjgl/opengl/GL21C done
Event: 1.097 loading class render/Mesh
Event: 1.097 loading class render/Mesh done
Event: 1.098 loading class util/ObjConverter
Event: 1.098 loading class util/ObjConverter done
Event: 1.125 loading class org/lwjgl/opengl/GL$ICDStatic$WriteOnce
Event: 1.125 loading class org/lwjgl/opengl/GL$ICDStatic$WriteOnce done


Dynamic libraries:
0x00007ff69dca0000 - 0x00007ff69dcd7000 	C:\Program Files\Java\jre1.8.0_251\bin\javaw.exe
0x00007ffae6e10000 - 0x00007ffae7005000 	C:\WINDOWS\SYSTEM32\ntdll.dll
0x00007ffae5330000 - 0x00007ffae53ed000 	C:\WINDOWS\System32\KERNEL32.DLL
0x00007ffae4770000 - 0x00007ffae4a38000 	C:\WINDOWS\System32\KERNELBASE.dll
0x00007ffae5d80000 - 0x00007ffae5e2c000 	C:\WINDOWS\System32\ADVAPI32.dll
0x00007ffae6890000 - 0x00007ffae692e000 	C:\WINDOWS\System32\msvcrt.dll
0x00007ffae5f60000 - 0x00007ffae5ffb000 	C:\WINDOWS\System32\sechost.dll
0x00007ffae5460000 - 0x00007ffae558b000 	C:\WINDOWS\System32\RPCRT4.dll
0x00007ffae6540000 - 0x00007ffae66e0000 	C:\WINDOWS\System32\USER32.dll
0x00007ffae4550000 - 0x00007ffae4572000 	C:\WINDOWS\System32\win32u.dll
0x00007ffae64b0000 - 0x00007ffae64da000 	C:\WINDOWS\System32\GDI32.dll
0x00007ffae4bf0000 - 0x00007ffae4cfb000 	C:\WINDOWS\System32\gdi32full.dll
0x00007ffae4dd0000 - 0x00007ffae4e6d000 	C:\WINDOWS\System32\msvcp_win.dll
0x00007ffae4a40000 - 0x00007ffae4b40000 	C:\WINDOWS\System32\ucrtbase.dll
0x00007ffada260000 - 0x00007ffada4fa000 	C:\WINDOWS\WinSxS\amd64_microsoft.windows.common-controls_6595b64144ccf1df_6.0.19041.844_none_ca00b6081b84eb1d\COMCTL32.dll
0x00007ffae6930000 - 0x00007ffae6960000 	C:\WINDOWS\System32\IMM32.DLL
0x00000000694b0000 - 0x0000000069582000 	C:\Program Files\Java\jre1.8.0_251\bin\msvcr100.dll
0x0000000068c00000 - 0x00000000694ab000 	C:\Program Files\Java\jre1.8.0_251\bin\server\jvm.dll
0x00007ffae5450000 - 0x00007ffae5458000 	C:\WINDOWS\System32\PSAPI.DLL
0x00007ffac9200000 - 0x00007ffac9209000 	C:\WINDOWS\SYSTEM32\WSOCK32.dll
0x00007ffae6200000 - 0x00007ffae626b000 	C:\WINDOWS\System32\WS2_32.dll
0x00007ffadae80000 - 0x00007ffadaea7000 	C:\WINDOWS\SYSTEM32\WINMM.dll
0x00007ffade870000 - 0x00007ffade87a000 	C:\WINDOWS\SYSTEM32\VERSION.dll
0x00007ffac89e0000 - 0x00007ffac89ef000 	C:\Program Files\Java\jre1.8.0_251\bin\verify.dll
0x00007ffac3fc0000 - 0x00007ffac3fe9000 	C:\Program Files\Java\jre1.8.0_251\bin\java.dll
0x00007ffac1a10000 - 0x00007ffac1a26000 	C:\Program Files\Java\jre1.8.0_251\bin\zip.dll
0x00007ffae55c0000 - 0x00007ffae5d02000 	C:\WINDOWS\System32\SHELL32.dll
0x00007ffae26a0000 - 0x00007ffae2e30000 	C:\WINDOWS\SYSTEM32\windows.storage.dll
0x00007ffae4fd0000 - 0x00007ffae5325000 	C:\WINDOWS\System32\combase.dll
0x00007ffae3fc0000 - 0x00007ffae3fec000 	C:\WINDOWS\SYSTEM32\Wldp.dll
0x00007ffae4f20000 - 0x00007ffae4fce000 	C:\WINDOWS\System32\SHCORE.dll
0x00007ffae5e30000 - 0x00007ffae5e85000 	C:\WINDOWS\System32\shlwapi.dll
0x00007ffae4490000 - 0x00007ffae44af000 	C:\WINDOWS\SYSTEM32\profapi.dll
0x00007ffabf9f0000 - 0x00007ffabfa0a000 	C:\Program Files\Java\jre1.8.0_251\bin\net.dll
0x00007ffae3d30000 - 0x00007ffae3d9a000 	C:\WINDOWS\system32\mswsock.dll
0x00007ffabf270000 - 0x00007ffabf282000 	C:\Program Files\Java\jre1.8.0_251\bin\nio.dll
0x00007ffaa4280000 - 0x00007ffaa42e4000 	C:\Users\Lucas\AppData\Local\Temp\lwjglLucas\3.2.3-build-13\lwjgl.dll
0x00007ffaa4210000 - 0x00007ffaa4272000 	C:\Users\Lucas\AppData\Local\Temp\lwjglLucas\3.2.3-build-13\glfw.dll
0x00007ffae1f40000 - 0x00007ffae1fde000 	C:\WINDOWS\system32\uxtheme.dll
0x00007ffaa3ae0000 - 0x00007ffaa3b25000 	C:\WINDOWS\SYSTEM32\dinput8.dll
0x00007ffaa3b80000 - 0x00007ffaa3b91000 	C:\WINDOWS\SYSTEM32\xinput1_4.dll
0x00007ffae4d00000 - 0x00007ffae4d4e000 	C:\WINDOWS\System32\cfgmgr32.dll
0x00007ffae4300000 - 0x00007ffae432c000 	C:\WINDOWS\SYSTEM32\DEVOBJ.dll
0x00007ffae2390000 - 0x00007ffae23bf000 	C:\WINDOWS\SYSTEM32\dwmapi.dll
0x00007ffacf360000 - 0x00007ffacf4b2000 	C:\WINDOWS\SYSTEM32\inputhost.dll
0x00007ffae5e90000 - 0x00007ffae5f5d000 	C:\WINDOWS\System32\OLEAUT32.dll
0x00007ffae1af0000 - 0x00007ffae1be2000 	C:\WINDOWS\SYSTEM32\CoreMessaging.dll
0x00007ffadfe60000 - 0x00007ffadff57000 	C:\WINDOWS\SYSTEM32\PROPSYS.dll
0x00007ffae1790000 - 0x00007ffae1aee000 	C:\WINDOWS\SYSTEM32\CoreUIComponents.dll
0x00007ffae10c0000 - 0x00007ffae1214000 	C:\WINDOWS\SYSTEM32\wintypes.dll
0x00007ffae4d50000 - 0x00007ffae4dd0000 	C:\WINDOWS\System32\bcryptPrimitives.dll
0x00007ffae3270000 - 0x00007ffae32a3000 	C:\WINDOWS\SYSTEM32\ntmarta.dll
0x00007ffae23c0000 - 0x00007ffae23d2000 	C:\WINDOWS\SYSTEM32\kernel.appcore.dll
0x00007ffae6000000 - 0x00007ffae6115000 	C:\WINDOWS\System32\MSCTF.dll
0x00007ffae2e30000 - 0x00007ffae2e3d000 	C:\WINDOWS\SYSTEM32\HID.DLL
0x00007ffae6960000 - 0x00007ffae6dc9000 	C:\WINDOWS\System32\SETUPAPI.DLL
0x00007ffae4740000 - 0x00007ffae4767000 	C:\WINDOWS\System32\bcrypt.dll
0x00007ffae46e0000 - 0x00007ffae4740000 	C:\WINDOWS\System32\WINTRUST.dll
0x00007ffae4580000 - 0x00007ffae46df000 	C:\WINDOWS\System32\CRYPT32.dll
0x00007ffae4140000 - 0x00007ffae4152000 	C:\WINDOWS\SYSTEM32\MSASN1.dll
0x00007ffa95e80000 - 0x00007ffa95fa6000 	C:\WINDOWS\SYSTEM32\opengl32.dll
0x00007ffabefd0000 - 0x00007ffabeffc000 	C:\WINDOWS\SYSTEM32\GLU32.dll
0x00007ffae4e70000 - 0x00007ffae4f19000 	C:\WINDOWS\System32\clbcatq.dll
0x00007ffa72820000 - 0x00007ffa751fe000 	C:\WINDOWS\System32\DriverStore\FileRepository\nv_dispi.inf_amd64_d71d3f5ea7618cbb\nvoglv64.dll
0x00007ffae62f0000 - 0x00007ffae641a000 	C:\WINDOWS\System32\ole32.dll
0x00007ffae0140000 - 0x00007ffae0154000 	C:\WINDOWS\SYSTEM32\WTSAPI32.dll
0x00007ffade830000 - 0x00007ffade861000 	C:\WINDOWS\SYSTEM32\cryptnet.dll
0x00007ffae3f20000 - 0x00007ffae3f2c000 	C:\WINDOWS\SYSTEM32\cryptbase.dll
0x00007ffadc1b0000 - 0x00007ffadc1eb000 	C:\WINDOWS\SYSTEM32\dxcore.dll
0x00007ffaa7960000 - 0x00007ffaa7c1e000 	C:\WINDOWS\system32\nvspcap64.dll
0x00007ffae3b40000 - 0x00007ffae3b8b000 	C:\WINDOWS\SYSTEM32\powrprof.dll
0x00007ffae39b0000 - 0x00007ffae39c2000 	C:\WINDOWS\SYSTEM32\UMPDC.dll
0x00007ffae32e0000 - 0x00007ffae333a000 	C:\WINDOWS\SYSTEM32\WINSTA.dll
0x00007ffacfa00000 - 0x00007ffacfaf9000 	C:\WINDOWS\SYSTEM32\textinputframework.dll
0x00007ffa95e20000 - 0x00007ffa95e79000 	C:\Users\Lucas\AppData\Local\Temp\lwjglLucas\3.2.3-build-13\lwjgl_opengl.dll
0x00007ffa72160000 - 0x00007ffa7281f000 	C:\Users\Lucas\AppData\Local\Temp\lwjglLucas\3.2.3-build-13\assimp.dll
0x00007ffa95d10000 - 0x00007ffa95d87000 	C:\Users\Lucas\AppData\Local\Temp\lwjglLucas\3.2.3-build-13\lwjgl_stb.dll
0x00007ffad8870000 - 0x00007ffad8a54000 	C:\WINDOWS\SYSTEM32\dbghelp.dll

VM Arguments:
jvm_args: -Dfile.encoding=Cp1252 
java_command: main.Principal
java_class_path (initial): C:\Users\Lucas\Desktop\Lucas\Computacao\Processamento\LearningAssimp\bin;C:\Users\Lucas\Desktop\Lucas\Computacao\Processamento\lwjgl3\lwjgl-assimp\lwjgl-assimp.jar;C:\Users\Lucas\Desktop\Lucas\Computacao\Processamento\lwjgl3\lwjgl-assimp\lwjgl-assimp-natives-linux.jar;C:\Users\Lucas\Desktop\Lucas\Computacao\Processamento\lwjgl3\lwjgl-assimp\lwjgl-assimp-sources.jar;C:\Users\Lucas\Desktop\Lucas\Computacao\Processamento\lwjgl3\lwjgl-assimp\lwjgl-assimp-natives-windows.jar;C:\Users\Lucas\Desktop\Lucas\Computacao\Processamento\lwjgl3\lwjgl-assimp\lwjgl-assimp-natives-linux-arm32.jar;C:\Users\Lucas\Desktop\Lucas\Computacao\Processamento\lwjgl3\lwjgl-assimp\lwjgl-assimp-natives-linux-arm64.jar;C:\Users\Lucas\Desktop\Lucas\Computacao\Processamento\lwjgl3\lwjgl-assimp\lwjgl-assimp-natives-macos.jar;C:\Users\Lucas\Desktop\Lucas\Computacao\Processamento\lwjgl3\lwjgl-assimp\lwjgl-assimp-natives-windows-x86.jar;C:\Users\Lucas\Desktop\Lucas\Computacao\Processamento\joml-1.7.0.jar;C:\Users\Lucas\Desktop\Lucas\Computacao\Processamento\lwjgl3\lwjgl\lwjgl.jar;C:\Users\Lucas\Desktop\Lucas\Computacao\Processamento\lwjgl3\lwjgl\lwjgl-natives-linux.jar;C:\Users\Lucas\Desktop\Lucas\Computacao\Processamento\lwjgl3\lwjgl\lwjgl-natives-linux-arm32.jar;C:\Users\Lucas\Desktop\Lucas\Computacao\Processamento\lwjgl3\lwjgl\lwjgl-natives-linux-arm64.jar;C:\Users\Lucas\Desktop\Lucas\Computacao\Processamento\lwjgl3\lwjgl\lwjgl-natives-macos.jar;C:\Users\Lucas\Desktop\Lucas\Computacao\Processamento\lwjgl3\lwjgl\lwjgl-natives-windows.jar;C:\Users\Lucas\Desktop\Lucas\Computacao\Processamento\lwjgl3\lwjgl\lwjgl-natives-windows-x86.jar;C:\Users\Lucas\Desktop\Lucas\Computacao\Processamento\lwjgl3\lwjgl-zstd\lwjgl-zstd.jar;C:\Users\Lucas\Desktop\Lucas\Computacao\Processamento\lwjgl3\lwjgl-zstd\lwjgl-zstd-natives-linux.jar;C:\Users\Lucas\Desktop\Lucas\Computacao\Processamento\lwjgl3\lwjgl-zstd\lwjgl-zstd-natives-linux-arm32.jar;C:\Users\Lucas\Desktop\Lucas\Computacao\Processamen
Launcher Type: SUN_STANDARD

Environment Variables:
PATH=C:\Program Files\Common Files\Oracle\Java\javapath;C:\Program Files (x86)\Common Files\Oracle\Java\javapath;C:\Windows\system32;C:\Windows;C:\Windows\System32\Wbem;C:\Windows\System32\WindowsPowerShell\v1.0\;C:\Windows\System32\OpenSSH\;C:\Program Files\NVIDIA Corporation\NVIDIA NvDLISR;C:\Program Files (x86)\NVIDIA Corporation\PhysX\Common;C:\Program Files\nodejs\;C:\Program Files\Git\cmd;C:\WINDOWS\system32;C:\WINDOWS;C:\WINDOWS\System32\Wbem;C:\WINDOWS\System32\WindowsPowerShell\v1.0\;C:\WINDOWS\System32\OpenSSH\;C:\Users\Lucas\AppData\Local\Microsoft\WindowsApps;C:\Users\Lucas\AppData\Roaming\npm;C:\Users\Lucas\AppData\Local\atom\bin;E:\Microsoft VS Code\bin;C:\Program Files\apache-maven-3.6.3\bin;C:\Users\Lucas\AppData\Local\Microsoft\WindowsApps;C:\Users\Lucas\AppData\Local\GitHubDesktop\bin
USERNAME=Lucas
OS=Windows_NT
PROCESSOR_IDENTIFIER=AMD64 Family 23 Model 24 Stepping 1, AuthenticAMD



---------------  S Y S T E M  ---------------

OS: Windows 10.0 , 64 bit Build 19041 (10.0.19041.928)

CPU:total 4 (initial active 4) (4 cores per cpu, 1 threads per core) family 23 model 24 stepping 1, cmov, cx8, fxsr, mmx, sse, sse2, sse3, ssse3, sse4.1, sse4.2, popcnt, avx, avx2, aes, clmul, mmxext, 3dnowpref, lzcnt, sse4a, tsc, tscinvbit, tscinv, bmi1

Memory: 4k page, physical 16722964k(7227516k free), swap 23800852k(5484224k free)

vm_info: Java HotSpot(TM) 64-Bit Server VM (25.251-b08) for windows-amd64 JRE (1.8.0_251-b08), built on Mar 12 2020 06:31:49 by "" with MS VC++ 10.0 (VS2010)

time: Wed Jun 02 16:30:18 2021
timezone: Hora oficial do Brasil
elapsed time: 1 seconds (0d 0h 0m 1s)

